<?xml version="1.0" encoding="utf-8"?><testsuites name="pytest tests"><testsuite name="pytest" errors="0" failures="0" skipped="0" tests="15" time="1.211" timestamp="2026-01-11T21:31:07.795281+00:00" hostname="agent-env-8954fc7d-bcfe-47a7-8a61-acfb81449ece"><testcase classname="tests.test_telegram_new_flow.TestBotInfoEndpoint" name="test_bot_info_returns_200" time="0.099" /><testcase classname="tests.test_telegram_new_flow.TestConnectDuringRegisterEndpoint" name="test_connect_during_register_invalid_code_returns_400" time="0.042" /><testcase classname="tests.test_telegram_new_flow.TestConnectDuringRegisterEndpoint" name="test_connect_during_register_short_code_returns_400" time="0.037" /><testcase classname="tests.test_telegram_new_flow.TestConnectDuringRegisterEndpoint" name="test_connect_during_register_empty_code_returns_400" time="0.039" /><testcase classname="tests.test_telegram_new_flow.TestConnectDuringRegisterEndpoint" name="test_connect_during_register_no_body_returns_400" time="0.035" /><testcase classname="tests.test_telegram_new_flow.TestConnectPreLoginEndpoint" name="test_connect_pre_login_invalid_credentials_returns_400" time="0.039" /><testcase classname="tests.test_telegram_new_flow.TestConnectPreLoginEndpoint" name="test_connect_pre_login_missing_email_returns_400" time="0.134" /><testcase classname="tests.test_telegram_new_flow.TestConnectPreLoginEndpoint" name="test_connect_pre_login_missing_password_returns_400" time="0.033" /><testcase classname="tests.test_telegram_new_flow.TestConnectPreLoginEndpoint" name="test_connect_pre_login_missing_code_returns_400" time="0.033" /><testcase classname="tests.test_telegram_new_flow.TestConnectPreLoginEndpoint" name="test_connect_pre_login_short_code_returns_400" time="0.040" /><testcase classname="tests.test_telegram_new_flow.TestTipsterWithTelegramLogin" name="test_tipster_with_telegram_can_login" time="0.112" /><testcase classname="tests.test_telegram_new_flow.TestAdminLogin" name="test_admin_can_login" time="0.107" /><testcase classname="tests.test_telegram_new_flow.TestTelegramAuthStatusEndpoint" name="test_auth_status_returns_connected_for_tipster_with_telegram" time="0.152" /><testcase classname="tests.test_telegram_new_flow.TestTelegramAuthStatusEndpoint" name="test_auth_status_without_token_returns_401" time="0.041" /><testcase classname="tests.test_telegram_new_flow.TestTelegramChannelsEndpoint" name="test_get_channels_returns_list" time="0.150" /></testsuite></testsuites>