<?xml version="1.0" encoding="utf-8"?><testsuites name="pytest tests"><testsuite name="pytest" errors="0" failures="0" skipped="0" tests="11" time="0.963" timestamp="2026-01-09T19:29:30.073454+00:00" hostname="agent-env-a61555b4-8125-45f6-ba9c-805dfe968cdc"><testcase classname="tests.test_telegram_auth.TestTelegramAuthPublicEndpoints" name="test_bot_info_returns_200" time="0.097" /><testcase classname="tests.test_telegram_auth.TestTelegramAuthProtectedEndpoints" name="test_auth_status_returns_isConnected_field" time="0.155" /><testcase classname="tests.test_telegram_auth.TestTelegramAuthProtectedEndpoints" name="test_auth_status_without_token_returns_401" time="0.035" /><testcase classname="tests.test_telegram_auth.TestTelegramAuthProtectedEndpoints" name="test_connect_with_invalid_code_returns_400" time="0.045" /><testcase classname="tests.test_telegram_auth.TestTelegramAuthProtectedEndpoints" name="test_connect_with_short_code_returns_400" time="0.043" /><testcase classname="tests.test_telegram_auth.TestTelegramAuthProtectedEndpoints" name="test_connect_with_code_without_token_returns_401" time="0.041" /><testcase classname="tests.test_telegram_auth.TestTelegramAuthProtectedEndpoints" name="test_auto_connect_channel_requires_auth" time="0.042" /><testcase classname="tests.test_telegram_auth.TestTelegramAuthProtectedEndpoints" name="test_auto_connect_channel_with_auth" time="0.040" /><testcase classname="tests.test_telegram_auth.TestTelegramChannelsEndpoint" name="test_get_channels_returns_list" time="0.151" /><testcase classname="tests.test_telegram_auth.TestTelegramChannelsEndpoint" name="test_get_channels_without_auth_returns_401" time="0.042" /><testcase classname="tests.test_telegram_auth.TestTelegramAvailableChannels" name="test_get_available_channels" time="0.162" /></testsuite></testsuites>